  DirectXTexUtil.cpp
  BC.cpp
  BC4BC5.cpp
  BC6HBC7.cpp
  BCDirectCompute.cpp
  DirectXTexCompress.cpp
  DirectXTexCompressGPU.cpp
  DirectXTexConvert.cpp
  DirectXTexD3D11.cpp
  DirectXTexDDS.cpp
  DirectXTexFlipRotate.cpp
  DirectXTexHDR.cpp
  DirectXTexImage.cpp
  DirectXTexMipMaps.cpp
  DirectXTexMisc.cpp
  DirectXTexNormalMaps.cpp
  DirectXTexPMAlpha.cpp
  DirectXTexResize.cpp
  DirectXTexTGA.cpp
  DirectXTexWIC.cpp
  コードを生成中...
  DirectXTex_Desktop_2022.vcxproj -> C:\k021g1120\二年次\CG2\DirectXGeme\DirectXTex\Bin\Desktop_2022\x64\Debug\DirectXTex.lib
